<?xml version="1.0" encoding="UTF-8"?>
<!-- Generated by org.testng.reporters.JUnitReportReporter -->
<testsuite hostname="Harshgiris-MacBook-Pro.local" failures="0" tests="3" name="com.herokuapp.theinternet.Login_Tests" time="38.644" errors="0" timestamp="2019-12-10T17:17:17 NZDT" skipped="0">
  <testcase classname="com.herokuapp.theinternet.Login_Tests" name="positive_LoginTest" time="6.658"/>
  <testcase classname="com.herokuapp.theinternet.Login_Tests" name="negative_LoginTest_Incorrect_Username" time="13.230"/>
  <testcase classname="com.herokuapp.theinternet.Login_Tests" name="negative_LoginTest_Incorrect_Password" time="18.756"/>
</testsuite> <!-- com.herokuapp.theinternet.Login_Tests -->
