<?xml version="1.0" encoding="UTF-8"?>
<!-- Generated by org.testng.reporters.JUnitReportReporter -->
<testsuite hostname="Harshgiris-MacBook-Pro.local" failures="0" tests="2" name="com.herokuapp.theinternet.Login_Test_Negative" time="18.419" errors="0" timestamp="2019-12-09T17:39:29 NZDT" skipped="0">
  <testcase classname="com.herokuapp.theinternet.Login_Test_Negative" name="incorrect_username_test" time="6.377"/>
  <testcase classname="com.herokuapp.theinternet.Login_Test_Negative" name="incorrect_password_test" time="12.042"/>
</testsuite> <!-- com.herokuapp.theinternet.Login_Test_Negative -->
