<?xml version="1.0" encoding="UTF-8"?>
<!-- Generated by org.testng.reporters.JUnitReportReporter -->
<testsuite hostname="Harshgiris-MacBook-Pro.local" failures="0" tests="3" name="com.herokuapp.theinternet.loginpagetests.PositiveLoginTests" time="31.429" errors="0" timestamp="2019-12-12T19:06:19 NZDT" skipped="0">
  <testcase classname="com.herokuapp.theinternet.loginpagetests.PositiveLoginTests" name="positive_LoginTest" time="8.147"/>
  <testcase classname="com.herokuapp.theinternet.loginpagetests.PositiveLoginTests" name="negative_LoginTest_Incorrect_Username" time="12.497"/>
  <testcase classname="com.herokuapp.theinternet.loginpagetests.PositiveLoginTests" name="negative_LoginTest_Incorrect_Password" time="10.785"/>
</testsuite> <!-- com.herokuapp.theinternet.loginpagetests.PositiveLoginTests -->
