<?xml version="1.0" encoding="UTF-8"?>
<!-- Generated by org.testng.reporters.JUnitReportReporter -->
<testsuite hostname="Harshgiris-MacBook-Pro.local" failures="0" tests="1" name="com.herokuapp.theinternet.Login_Test_Negative" time="9.383" errors="0" timestamp="2019-12-09T17:04:59 NZDT" skipped="0">
  <testcase classname="com.herokuapp.theinternet.Login_Test_Negative" name="login_negative_test" time="9.383"/>
</testsuite> <!-- com.herokuapp.theinternet.Login_Test_Negative -->
