<?xml version="1.0" encoding="UTF-8"?>
<!-- Generated by org.testng.reporters.JUnitReportReporter -->
<testsuite hostname="Harshgiris-MacBook-Pro.local" failures="0" tests="1" name="com.herokuapp.theinternet.Login_Test_Positive" time="9.005" errors="0" timestamp="2019-12-09T16:49:50 NZDT" skipped="0">
  <testcase classname="com.herokuapp.theinternet.Login_Test_Positive" name="login_Test" time="9.005"/>
</testsuite> <!-- com.herokuapp.theinternet.Login_Test_Positive -->
