<?xml version="1.0" encoding="UTF-8"?>
<!-- Generated by org.testng.reporters.JUnitReportReporter -->
<testsuite hostname="Harshgiris-MacBook-Pro.local" failures="0" tests="1" name="com.herokuapp.theinternet.Login_Exceptions_Tests" time="16.458" errors="0" timestamp="2019-12-10T18:28:00 NZDT" skipped="0">
  <testcase classname="com.herokuapp.theinternet.Login_Exceptions_Tests" name="dynamic_Loading" time="16.458"/>
</testsuite> <!-- com.herokuapp.theinternet.Login_Exceptions_Tests -->
