<?xml version="1.0" encoding="UTF-8"?>
<!-- Generated by org.testng.reporters.JUnitReportReporter -->
<testsuite hostname="Harshgiris-MacBook-Pro.local" failures="0" tests="2" name="com.herokuapp.theinternet.Login_Test_Negative" time="6.794" errors="0" timestamp="2019-12-09T19:00:15 NZDT" skipped="1">
  <testcase classname="com.herokuapp.theinternet.Login_Test_Negative" name="incorrect_username_test" time="6.794"/>
  <testcase classname="com.herokuapp.theinternet.Login_Test_Negative" name="incorrect_password_test">
    <skipped/>
  </testcase> <!-- incorrect_password_test -->
</testsuite> <!-- com.herokuapp.theinternet.Login_Test_Negative -->
