<?xml version="1.0" encoding="UTF-8"?>
<!-- Generated by org.testng.reporters.JUnitReportReporter -->
<testsuite hostname="Harshgiris-MacBook-Pro.local" failures="0" tests="1" name="com.herokuapp.theinternet.Login_Exceptions_Tests" time="11.123" errors="0" timestamp="2019-12-10T17:59:07 NZDT" skipped="0">
  <testcase classname="com.herokuapp.theinternet.Login_Exceptions_Tests" name="dynamic_Loading" time="11.123"/>
</testsuite> <!-- com.herokuapp.theinternet.Login_Exceptions_Tests -->
