<?xml version="1.0" encoding="UTF-8"?>
<!-- Generated by org.testng.reporters.JUnitReportReporter -->
<testsuite hostname="Harshgiris-MacBook-Pro.local" failures="0" tests="3" name="com.herokuapp.theinternet.Login_Tests" time="25.663" errors="0" timestamp="2019-12-09T23:52:30 NZDT" skipped="0">
  <testcase classname="com.herokuapp.theinternet.Login_Tests" name="positive_LoginTest" time="6.744"/>
  <testcase classname="com.herokuapp.theinternet.Login_Tests" name="negative_LoginTest_Incorrect_Username" time="9.672"/>
  <testcase classname="com.herokuapp.theinternet.Login_Tests" name="negative_LoginTest_Incorrect_Password" time="9.247"/>
</testsuite> <!-- com.herokuapp.theinternet.Login_Tests -->
