<?xml version="1.0" encoding="UTF-8"?>
<!-- Generated by org.testng.reporters.JUnitReportReporter -->
<testsuite hostname="Harshgiris-MacBook-Pro.local" failures="0" tests="3" name="com.herokuapp.theinternet.Login_Tests" time="20.170" errors="0" timestamp="2019-12-09T19:52:01 NZDT" skipped="0">
  <testcase classname="com.herokuapp.theinternet.Login_Tests" name="positive_LoginTest" time="7.040"/>
  <testcase classname="com.herokuapp.theinternet.Login_Tests" name="negative_LoginTest_Incorrect_Username" time="5.977"/>
  <testcase classname="com.herokuapp.theinternet.Login_Tests" name="negative_LoginTest_Incorrect_Password" time="7.153"/>
</testsuite> <!-- com.herokuapp.theinternet.Login_Tests -->
