<?xml version="1.0" encoding="UTF-8"?>
<!-- Generated by org.testng.reporters.JUnitReportReporter -->
<testsuite hostname="Harshgiris-MacBook-Pro.local" failures="0" tests="1" name="com.herokuapp.theinternet.Login_Exceptions_Tests" time="12.914" errors="0" timestamp="2019-12-11T16:27:03 NZDT" skipped="0">
  <testcase classname="com.herokuapp.theinternet.Login_Exceptions_Tests" name="disabled_Element_Exception" time="12.914"/>
</testsuite> <!-- com.herokuapp.theinternet.Login_Exceptions_Tests -->
