<?xml version="1.0" encoding="UTF-8"?>
<!-- Generated by org.testng.reporters.JUnitReportReporter -->
<testsuite hostname="Harshgiris-MacBook-Pro.local" failures="0" tests="3" name="com.herokuapp.theinternet.loginpagetests.PositiveLoginTests" time="29.924" errors="0" timestamp="2019-12-12T18:43:47 NZDT" skipped="0">
  <testcase classname="com.herokuapp.theinternet.loginpagetests.PositiveLoginTests" name="positive_LoginTest" time="6.484"/>
  <testcase classname="com.herokuapp.theinternet.loginpagetests.PositiveLoginTests" name="negative_LoginTest_Incorrect_Username" time="11.214"/>
  <testcase classname="com.herokuapp.theinternet.loginpagetests.PositiveLoginTests" name="negative_LoginTest_Incorrect_Password" time="12.226"/>
</testsuite> <!-- com.herokuapp.theinternet.loginpagetests.PositiveLoginTests -->
