<?xml version="1.0" encoding="UTF-8"?>
<!-- Generated by org.testng.reporters.JUnitReportReporter -->
<testsuite hostname="Harshgiris-MacBook-Pro.local" failures="0" tests="1" name="com.herokuapp.theinternet.Login_Exceptions_Tests" time="12.082" errors="0" timestamp="2019-12-10T20:17:04 NZDT" skipped="0">
  <testcase classname="com.herokuapp.theinternet.Login_Exceptions_Tests" name="stale_Element_Test_Exception" time="12.082"/>
</testsuite> <!-- com.herokuapp.theinternet.Login_Exceptions_Tests -->
